<?xml version="1.0" encoding="UTF-8"?>
<!-- Generated by org.testng.reporters.JUnitReportReporter -->
<testsuite hostname="DESKTOP-N2HG8IN" failures="0" tests="1" name="com.client.BookShop_KK.Module.HomePage.HomePage02Test" time="0.958" errors="0" timestamp="2025-10-14T12:21:47 IST" skipped="0">
  <testcase classname="com.client.BookShop_KK.Module.HomePage.HomePage02Test" name="veifySignUpButton" time="0.958"/>
</testsuite> <!-- com.client.BookShop_KK.Module.HomePage.HomePage02Test -->
