<?xml version="1.0" encoding="UTF-8"?>
<!-- Generated by org.testng.reporters.JUnitReportReporter -->
<testsuite hostname="DESKTOP-9060QJV" failures="0" tests="1" name="com.client.BookShop_AK.Module.ReadData" time="0.935" errors="0" timestamp="2025-10-13T08:23:20 GMT-07:00" skipped="0">
  <testcase classname="com.client.BookShop_AK.Module.ReadData" name="readData" time="0.935"/>
</testsuite> <!-- com.client.BookShop_AK.Module.ReadData -->
