<?xml version="1.0" encoding="UTF-8"?>
<!-- Generated by org.testng.reporters.JUnitReportReporter -->
<testsuite hostname="DESKTOP-N2HG8IN" failures="0" tests="9" name="com.client.BookShop_KK.Module.HomePageModule.HomepageTest" time="26.427" errors="0" timestamp="2025-10-14T16:32:04 IST" skipped="0">
  <testcase classname="com.client.BookShop_KK.Module.HomePageModule.HomepageTest" name="veifyCategorylink" time="3.017"/>
  <testcase classname="com.client.BookShop_KK.Module.HomePageModule.HomepageTest" name="veifyCategorylink" time="3.055"/>
  <testcase classname="com.client.BookShop_KK.Module.HomePageModule.HomepageTest" name="veifyCategorylink" time="4.590"/>
  <testcase classname="com.client.BookShop_KK.Module.HomePageModule.HomepageTest" name="veifyCategorylink" time="3.442"/>
  <testcase classname="com.client.BookShop_KK.Module.HomePageModule.HomepageTest" name="veifyCategoryNames" time="3.446"/>
  <testcase classname="com.client.BookShop_KK.Module.HomePageModule.HomepageTest" name="verifyBookbirdLogoDisplayed" time="1.490"/>
  <testcase classname="com.client.BookShop_KK.Module.HomePageModule.HomepageTest" name="verifyNavigationToHomePageViaLogo" time="4.521"/>
  <testcase classname="com.client.BookShop_KK.Module.HomePageModule.HomepageTest" name="verifySerarchBaarVisiblity" time="1.120"/>
  <testcase classname="com.client.BookShop_KK.Module.HomePageModule.HomepageTest" name="verifySerarchBaarWithValidBookName" time="1.746"/>
</testsuite> <!-- com.client.BookShop_KK.Module.HomePageModule.HomepageTest -->
