<?xml version="1.0" encoding="UTF-8"?>
<!-- Generated by org.testng.reporters.JUnitReportReporter -->
<testsuite hostname="DESKTOP-9060QJV" failures="0" tests="1" name="com.client.BookShop_AK.Module.NewArrivalsTest" time="8.240" errors="0" timestamp="2025-10-15T04:40:49 GMT-07:00" skipped="0">
  <testcase classname="com.client.BookShop_AK.Module.NewArrivalsTest" name="getAllNewArrivals" time="8.240"/>
</testsuite> <!-- com.client.BookShop_AK.Module.NewArrivalsTest -->
