<?xml version="1.0" encoding="UTF-8"?>
<!-- Generated by org.testng.reporters.JUnitReportReporter -->
<testsuite hostname="DESKTOP-N2HG8IN" failures="0" tests="1" name="com.client.BookShop_KK.Module.SampleTestClass" time="0.968" errors="0" timestamp="2025-10-11T16:06:43 IST" skipped="0">
  <testcase classname="com.client.BookShop_KK.Module.SampleTestClass" name="Mytest" time="0.968"/>
</testsuite> <!-- com.client.BookShop_KK.Module.SampleTestClass -->
