<?xml version="1.0" encoding="UTF-8"?>
<!-- Generated by org.testng.reporters.JUnitReportReporter -->
<testsuite hostname="DESKTOP-9060QJV" failures="0" tests="1" name="com.client.BookShop_AK.Module.AcedemicAndProfessional" time="7.097" errors="0" timestamp="2025-10-14T05:15:12 GMT-07:00" skipped="0">
  <testcase classname="com.client.BookShop_AK.Module.AcedemicAndProfessional" name="executeAcedemicAndProfessional" time="7.097"/>
</testsuite> <!-- com.client.BookShop_AK.Module.AcedemicAndProfessional -->
