<?xml version="1.0" encoding="UTF-8"?>
<!-- Generated by org.testng.reporters.JUnitReportReporter -->
<testsuite hostname="DESKTOP-N2HG8IN" failures="0" tests="4" name="com.client.BookShop_KK.Module.HomePageModule.HomepageTest" time="3.856" errors="0" timestamp="2025-10-14T13:16:58 IST" skipped="0">
  <testcase classname="com.client.BookShop_KK.Module.HomePageModule.HomepageTest" name="veifyCategotNames" time="0.671"/>
  <testcase classname="com.client.BookShop_KK.Module.HomePageModule.HomepageTest" name="veifyCategotNames" time="1.179"/>
  <testcase classname="com.client.BookShop_KK.Module.HomePageModule.HomepageTest" name="veifyCategotNames" time="0.794"/>
  <testcase classname="com.client.BookShop_KK.Module.HomePageModule.HomepageTest" name="veifyCategotNames" time="1.212"/>
</testsuite> <!-- com.client.BookShop_KK.Module.HomePageModule.HomepageTest -->
